b4	{:a 1 :b {:c 2 :d {3}}}	
after	{:a 1 :b {:c 2 :d {10000}}}
✅ pass:	copy
85
|.. 54
|.. |.. Lexus_IS350
|.. |.. 66
|.. |.. |.. Land_Rover_Range_Rover
|.. |.. |.. Tesla_Model_Y
|.. 47
|.. |.. Mazda_MX-5_Miata
|.. |.. 30
|.. |.. |.. Audi_A7
|.. |.. |.. BMW_M3
75
|.. 48
|.. |.. ValuePreservable:HighTurnover
|.. |.. 36
|.. |.. |.. FamilyExperience:DriveExperience
|.. |.. |.. RideComfortable:DriveComfortable
|.. 55
|.. |.. ClassicInterior:TechInterior
|.. |.. 64
|.. |.. |.. YoungBuyer:ElderBuyer
|.. |.. |.. HighGasMileage:Quick0-60Time

A	Audi_A7
B	Land_Rover_Range_Rover
C	Lexus_IS350
D	BMW_M3
E	Mazda_MX-5_Miata
F	Tesla_Model_Y

{C                               E        }
{                                         }
{                                         }
{                        D                }
{                                         }
{                  A                      }
{                                         }
{              B                          }
{          F                              }
✅ pass:	every
✅ pass:	num

A	Audi_A7
B	Land_Rover_Range_Rover
C	Lexus_IS350
D	BMW_M3
E	Mazda_MX-5_Miata
F	Tesla_Model_Y

{C                               E        }
{                                         }
{                                         }
{                        D                }
{                                         }
{                  A                      }
{                                         }
{              B                          }
{          F                              }
✅ pass:	position
85
|.. 54
|.. |.. Lexus_IS350
|.. |.. 66
|.. |.. |.. Land_Rover_Range_Rover
|.. |.. |.. Tesla_Model_Y
|.. 47
|.. |.. Mazda_MX-5_Miata
|.. |.. 30
|.. |.. |.. Audi_A7
|.. |.. |.. BMW_M3
✅ pass:	prototypes
{:a NUM :at 1 :hi 4 :id 460 :lo 2 :m2 4.8333333333333 :mu 2.8333333333333 :n 6 :txt Num1 :w 1}
{:a NUM :at 2 :hi 5 :id 461 :lo 1 :m2 14.833333333333 :mu 2.8333333333333 :n 6 :txt Num2 :w 1}
{:a NUM :at 3 :hi 4 :id 462 :lo 1 :m2 6.8333333333333 :mu 1.8333333333333 :n 6 :txt Num3 :w 1}
{:a NUM :at 4 :hi 4 :id 463 :lo 1 :m2 6.8333333333333 :mu 2.8333333333333 :n 6 :txt Num4 :w 1}
{:a NUM :at 5 :hi 5 :id 464 :lo 1 :m2 19.5 :mu 3.5 :n 6 :txt Num5 :w 1}
{:a NUM :at 6 :hi 5 :id 465 :lo 2 :m2 9.3333333333333 :mu 3.3333333333333 :n 6 :txt Num6 :w 1}
{:a SYM :at 7 :has {} :id 466 :most 0 :n 0 :txt thingX}
{:a ROW :cells {4 2 1 3 5 2 FamilyExperience:DriveExperience} :id 467}
{:a ROW :cells {4 5 1 4 5 3 RideComfortable:DriveComfortable} :id 468}
{:a ROW :cells {3 1 2 2 1 5 ClassicInterior:TechInterior} :id 469}
{:a ROW :cells {2 4 1 4 5 2 ValuePreservable:HighTurnover} :id 470}
{:a ROW :cells {2 4 4 1 1 3 YoungBuyer:ElderBuyer} :id 471}
{:a ROW :cells {2 1 2 3 4 5 HighGasMileage:Quick0-60Time} :id 472}
✅ pass:	repcols
{:a NUM :at 1 :hi 5 :id 475 :lo 1 :m2 10.833333333333 :mu 2.8333333333333 :n 6 :txt FamilyExperience:DriveExperience :w 1}
{:a NUM :at 2 :hi 5 :id 476 :lo 1 :m2 11.333333333333 :mu 3.6666666666667 :n 6 :txt RideComfortable:DriveComfortable :w 1}
{:a NUM :at 3 :hi 5 :id 477 :lo 1 :m2 11.333333333333 :mu 2.3333333333333 :n 6 :txt ClassicInterior:TechInterior :w 1}
{:a NUM :at 4 :hi 5 :id 478 :lo 1 :m2 12.0 :mu 3.0 :n 6 :txt ValuePreservable:HighTurnover :w 1}
{:a NUM :at 5 :hi 4 :id 479 :lo 1 :m2 9.5 :mu 2.5 :n 6 :txt YoungBuyer:ElderBuyer :w 1}
{:a NUM :at 6 :hi 5 :id 480 :lo 1 :m2 10.833333333333 :mu 2.8333333333333 :n 6 :txt HighGasMileage:Quick0-60Time :w 1}
{:a SYM :at 7 :has {} :id 481 :most 0 :n 0 :txt thingX}
{:a ROW :cells {4 4 3 2 2 2 Audi_A7} :id 482}
{:a ROW :cells {2 5 1 4 4 1 Land_Rover_Range_Rover} :id 483}
{:a ROW :cells {1 1 2 1 4 2 Lexus_IS350} :id 484}
{:a ROW :cells {3 4 2 4 1 3 BMW_M3} :id 485}
{:a ROW :cells {5 5 1 5 1 4 Mazda_MX-5_Miata} :id 486}
{:a ROW :cells {2 3 5 2 3 5 Tesla_Model_Y} :id 487}
✅ pass:	reprows
✅ pass:	sym
75
|.. 55
|.. |.. ClassicInterior:TechInterior
|.. |.. 64
|.. |.. |.. YoungBuyer:ElderBuyer
|.. |.. |.. HighGasMileage:Quick0-60Time
|.. 48
|.. |.. ValuePreservable:HighTurnover
|.. |.. 36
|.. |.. |.. FamilyExperience:DriveExperience
|.. |.. |.. RideComfortable:DriveComfortable
✅ pass:	synonyms
{:dump false :file ../etc/data/interviewee1.csv :go all :help false :p 2 :seed 937162211}
✅ pass:	the
